INFO main view.tui - 

Current Player is: White

8[   8Rb][ 10Knb][  12Bb][  14Qb][  15Kb][  13Bb][ 11Knb][   9Rb]
7[   0Pb][   1Pb][   2Pb][   3Pb][   4Pb][   5Pb][   6Pb][   7Pb]
6[      ][      ][      ][      ][      ][      ][      ][      ]
5[      ][      ][      ][      ][      ][      ][      ][      ]
4[      ][      ][      ][      ][      ][      ][      ][      ]
3[      ][      ][      ][      ][      ][      ][      ][      ]
2[   0Pw][   1Pw][   2Pw][   3Pw][   4Pw][   5Pw][   6Pw][   7Pw]
1[   8Rw][ 10Knw][  12Bw][  14Qw][  15Kw][  13Bw][ 11Knw][   9Rw]
    1       2       3       4       5       6       7       8    

Field Information: (1. 0, 2. P , 3. w)
1. Index of figure
2. Kind of figure (P = Pawn, Kn = Knight etc)
3. Color of figure (w = white, b = black)

Figures that can be moved:
0 Pawn[2,1]
1 Pawn[2,2]
2 Pawn[2,3]
3 Pawn[2,4]
4 Pawn[2,5]
5 Pawn[2,6]
6 Pawn[2,7]
7 Pawn[2,8]
8 Knight[1,2]
9 Knight[1,7]
Please choose a figure you want to move by entering the index:
INFO main view.tui - 

These are the fields you can move to:
0 [3,7]
1 [4,7]
Please select a Field to move you figure
or select -1 to return to Figure selection!
Write the Index of the Field!
INFO main view.tui - 

Current Player is: Black

8[   8Rb][ 10Knb][  12Bb][  14Qb][  15Kb][  13Bb][ 11Knb][   9Rb]
7[   0Pb][   1Pb][   2Pb][   3Pb][   4Pb][   5Pb][   6Pb][   7Pb]
6[      ][      ][      ][      ][      ][      ][      ][      ]
5[      ][      ][      ][      ][      ][      ][      ][      ]
4[      ][      ][      ][      ][      ][      ][   6Pw][      ]
3[      ][      ][      ][      ][      ][      ][      ][      ]
2[   0Pw][   1Pw][   2Pw][   3Pw][   4Pw][   5Pw][      ][   7Pw]
1[   8Rw][ 10Knw][  12Bw][  14Qw][  15Kw][  13Bw][ 11Knw][   9Rw]
    1       2       3       4       5       6       7       8    

Field Information: (1. 0, 2. P , 3. w)
1. Index of figure
2. Kind of figure (P = Pawn, Kn = Knight etc)
3. Color of figure (w = white, b = black)

Figures that can be moved:
0 Pawn[7,1]
1 Pawn[7,2]
2 Pawn[7,3]
3 Pawn[7,4]
4 Pawn[7,5]
5 Pawn[7,6]
6 Pawn[7,7]
7 Pawn[7,8]
8 Knight[8,2]
9 Knight[8,7]
Please choose a figure you want to move by entering the index:
INFO main view.tui - 

These are the fields you can move to:
0 [6,5]
1 [5,5]
Please select a Field to move you figure
or select -1 to return to Figure selection!
Write the Index of the Field!
INFO main view.tui - 

Current Player is: White

8[   8Rb][ 10Knb][  12Bb][  14Qb][  15Kb][  13Bb][ 11Knb][   9Rb]
7[   0Pb][   1Pb][   2Pb][   3Pb][      ][   5Pb][   6Pb][   7Pb]
6[      ][      ][      ][      ][      ][      ][      ][      ]
5[      ][      ][      ][      ][   4Pb][      ][      ][      ]
4[      ][      ][      ][      ][      ][      ][   6Pw][      ]
3[      ][      ][      ][      ][      ][      ][      ][      ]
2[   0Pw][   1Pw][   2Pw][   3Pw][   4Pw][   5Pw][      ][   7Pw]
1[   8Rw][ 10Knw][  12Bw][  14Qw][  15Kw][  13Bw][ 11Knw][   9Rw]
    1       2       3       4       5       6       7       8    

Field Information: (1. 0, 2. P , 3. w)
1. Index of figure
2. Kind of figure (P = Pawn, Kn = Knight etc)
3. Color of figure (w = white, b = black)

Figures that can be moved:
0 Pawn[2,1]
1 Pawn[2,2]
2 Pawn[2,3]
3 Pawn[2,4]
4 Pawn[2,5]
5 Pawn[2,6]
6 Pawn[4,7]
7 Pawn[2,8]
8 Knight[1,2]
9 Knight[1,7]
10 Bishop[1,6]
Please choose a figure you want to move by entering the index:
INFO main view.tui - 

These are the fields you can move to:
0 [3,3]
1 [3,1]
Please select a Field to move you figure
or select -1 to return to Figure selection!
Write the Index of the Field!
INFO main view.tui - 

Current Player is: Black

8[   8Rb][ 10Knb][  12Bb][  14Qb][  15Kb][  13Bb][ 11Knb][   9Rb]
7[   0Pb][   1Pb][   2Pb][   3Pb][      ][   5Pb][   6Pb][   7Pb]
6[      ][      ][      ][      ][      ][      ][      ][      ]
5[      ][      ][      ][      ][   4Pb][      ][      ][      ]
4[      ][      ][      ][      ][      ][      ][   6Pw][      ]
3[      ][      ][ 10Knw][      ][      ][      ][      ][      ]
2[   0Pw][   1Pw][   2Pw][   3Pw][   4Pw][   5Pw][      ][   7Pw]
1[   8Rw][      ][  12Bw][  14Qw][  15Kw][  13Bw][ 11Knw][   9Rw]
    1       2       3       4       5       6       7       8    

Field Information: (1. 0, 2. P , 3. w)
1. Index of figure
2. Kind of figure (P = Pawn, Kn = Knight etc)
3. Color of figure (w = white, b = black)

Figures that can be moved:
0 Pawn[7,1]
1 Pawn[7,2]
2 Pawn[7,3]
3 Pawn[7,4]
4 Pawn[5,5]
5 Pawn[7,6]
6 Pawn[7,7]
7 Pawn[7,8]
8 Knight[8,2]
9 Knight[8,7]
10 Bishop[8,6]
11 Queen[8,4]
12 King[8,5]
Please choose a figure you want to move by entering the index:
INFO main view.tui - 

These are the fields you can move to:
0 [6,3]
1 [5,3]
Please select a Field to move you figure
or select -1 to return to Figure selection!
Write the Index of the Field!
INFO main view.tui - 

Current Player is: White

8[   8Rb][ 10Knb][  12Bb][  14Qb][  15Kb][  13Bb][ 11Knb][   9Rb]
7[   0Pb][   1Pb][      ][   3Pb][      ][   5Pb][   6Pb][   7Pb]
6[      ][      ][      ][      ][      ][      ][      ][      ]
5[      ][      ][   2Pb][      ][   4Pb][      ][      ][      ]
4[      ][      ][      ][      ][      ][      ][   6Pw][      ]
3[      ][      ][ 10Knw][      ][      ][      ][      ][      ]
2[   0Pw][   1Pw][   2Pw][   3Pw][   4Pw][   5Pw][      ][   7Pw]
1[   8Rw][      ][  12Bw][  14Qw][  15Kw][  13Bw][ 11Knw][   9Rw]
    1       2       3       4       5       6       7       8    

Field Information: (1. 0, 2. P , 3. w)
1. Index of figure
2. Kind of figure (P = Pawn, Kn = Knight etc)
3. Color of figure (w = white, b = black)

Figures that can be moved:
0 Pawn[2,1]
1 Pawn[2,2]
2 Pawn[2,4]
3 Pawn[2,5]
4 Pawn[2,6]
5 Pawn[4,7]
6 Pawn[2,8]
7 Rook[1,1]
8 Knight[3,3]
9 Knight[1,7]
10 Bishop[1,6]
Please choose a figure you want to move by entering the index:
INFO main view.tui - 

These are the fields you can move to:
0 [3,1]
1 [4,1]
Please select a Field to move you figure
or select -1 to return to Figure selection!
Write the Index of the Field!
INFO main view.tui - 

Current Player is: Black

8[   8Rb][ 10Knb][  12Bb][  14Qb][  15Kb][  13Bb][ 11Knb][   9Rb]
7[   0Pb][   1Pb][      ][   3Pb][      ][   5Pb][   6Pb][   7Pb]
6[      ][      ][      ][      ][      ][      ][      ][      ]
5[      ][      ][   2Pb][      ][   4Pb][      ][      ][      ]
4[   0Pw][      ][      ][      ][      ][      ][   6Pw][      ]
3[      ][      ][ 10Knw][      ][      ][      ][      ][      ]
2[      ][   1Pw][   2Pw][   3Pw][   4Pw][   5Pw][      ][   7Pw]
1[   8Rw][      ][  12Bw][  14Qw][  15Kw][  13Bw][ 11Knw][   9Rw]
    1       2       3       4       5       6       7       8    

Field Information: (1. 0, 2. P , 3. w)
1. Index of figure
2. Kind of figure (P = Pawn, Kn = Knight etc)
3. Color of figure (w = white, b = black)

Figures that can be moved:
0 Pawn[7,1]
1 Pawn[7,2]
2 Pawn[5,3]
3 Pawn[7,4]
4 Pawn[5,5]
5 Pawn[7,6]
6 Pawn[7,7]
7 Pawn[7,8]
8 Knight[8,2]
9 Knight[8,7]
10 Bishop[8,6]
11 Queen[8,4]
12 King[8,5]
Please choose a figure you want to move by entering the index:
INFO main view.tui - 

These are the fields you can move to:
0 [7,5]
1 [6,6]
2 [5,7]
3 [4,8]
4 [7,3]
5 [6,2]
6 [5,1]
Please select a Field to move you figure
or select -1 to return to Figure selection!
Write the Index of the Field!
INFO main view.tui - 

Current Player is: White

8[   8Rb][ 10Knb][  12Bb][      ][  15Kb][  13Bb][ 11Knb][   9Rb]
7[   0Pb][   1Pb][      ][   3Pb][      ][   5Pb][   6Pb][   7Pb]
6[      ][  14Qb][      ][      ][      ][      ][      ][      ]
5[      ][      ][   2Pb][      ][   4Pb][      ][      ][      ]
4[   0Pw][      ][      ][      ][      ][      ][   6Pw][      ]
3[      ][      ][ 10Knw][      ][      ][      ][      ][      ]
2[      ][   1Pw][   2Pw][   3Pw][   4Pw][   5Pw][      ][   7Pw]
1[   8Rw][      ][  12Bw][  14Qw][  15Kw][  13Bw][ 11Knw][   9Rw]
    1       2       3       4       5       6       7       8    

Field Information: (1. 0, 2. P , 3. w)
1. Index of figure
2. Kind of figure (P = Pawn, Kn = Knight etc)
3. Color of figure (w = white, b = black)

Figures that can be moved:
0 Pawn[4,1]
1 Pawn[2,2]
2 Pawn[2,4]
3 Pawn[2,5]
4 Pawn[2,6]
5 Pawn[4,7]
6 Pawn[2,8]
7 Rook[1,1]
8 Knight[3,3]
9 Knight[1,7]
10 Bishop[1,6]
Please choose a figure you want to move by entering the index:
INFO main view.tui - 

These are the fields you can move to:
0 [5,4]
1 [5,2]
2 [1,2]
3 [2,1]
4 [4,5]
Please select a Field to move you figure
or select -1 to return to Figure selection!
Write the Index of the Field!
INFO main view.tui - 

Current Player is: Black

8[   8Rb][ 10Knb][  12Bb][      ][  15Kb][  13Bb][ 11Knb][   9Rb]
7[   0Pb][   1Pb][      ][   3Pb][      ][   5Pb][   6Pb][   7Pb]
6[      ][  14Qb][      ][      ][      ][      ][      ][      ]
5[      ][      ][   2Pb][      ][   4Pb][      ][      ][      ]
4[   0Pw][      ][      ][      ][ 10Knw][      ][   6Pw][      ]
3[      ][      ][      ][      ][      ][      ][      ][      ]
2[      ][   1Pw][   2Pw][   3Pw][   4Pw][   5Pw][      ][   7Pw]
1[   8Rw][      ][  12Bw][  14Qw][  15Kw][  13Bw][ 11Knw][   9Rw]
    1       2       3       4       5       6       7       8    

Field Information: (1. 0, 2. P , 3. w)
1. Index of figure
2. Kind of figure (P = Pawn, Kn = Knight etc)
3. Color of figure (w = white, b = black)

Figures that can be moved:
0 Pawn[7,1]
1 Pawn[5,3]
2 Pawn[7,4]
3 Pawn[7,6]
4 Pawn[7,7]
5 Pawn[7,8]
6 Knight[8,2]
7 Knight[8,7]
8 Bishop[8,6]
9 Queen[6,2]
10 King[8,5]
Please choose a figure you want to move by entering the index:
INFO main view.tui - 

These are the fields you can move to:
0 [5,2]
1 [4,2]
2 [3,2]
3 [2,2]
4 [6,1]
5 [6,3]
6 [6,4]
7 [6,5]
8 [6,6]
9 [6,7]
10 [6,8]
11 [7,3]
12 [8,4]
13 [5,1]
Please select a Field to move you figure
or select -1 to return to Figure selection!
Write the Index of the Field!
INFO main view.tui - 

Current Player is: White

8[   8Rb][ 10Knb][  12Bb][      ][  15Kb][  13Bb][ 11Knb][   9Rb]
7[   0Pb][   1Pb][      ][   3Pb][      ][   5Pb][   6Pb][   7Pb]
6[      ][      ][      ][      ][      ][      ][      ][      ]
5[      ][  14Qb][   2Pb][      ][   4Pb][      ][      ][      ]
4[   0Pw][      ][      ][      ][ 10Knw][      ][   6Pw][      ]
3[      ][      ][      ][      ][      ][      ][      ][      ]
2[      ][   1Pw][   2Pw][   3Pw][   4Pw][   5Pw][      ][   7Pw]
1[   8Rw][      ][  12Bw][  14Qw][  15Kw][  13Bw][ 11Knw][   9Rw]
    1       2       3       4       5       6       7       8    

Field Information: (1. 0, 2. P , 3. w)
1. Index of figure
2. Kind of figure (P = Pawn, Kn = Knight etc)
3. Color of figure (w = white, b = black)

Figures that can be moved:
0 Pawn[4,1]
1 Pawn[2,2]
2 Pawn[2,3]
3 Pawn[2,4]
4 Pawn[2,5]
5 Pawn[2,6]
6 Pawn[4,7]
7 Pawn[2,8]
8 Rook[1,1]
9 Knight[4,5]
10 Knight[1,7]
11 Bishop[1,6]
Please choose a figure you want to move by entering the index:
INFO main view.tui - 

These are the fields you can move to:
0 [5,1]
1 [5,2]
Please select a Field to move you figure
or select -1 to return to Figure selection!
Write the Index of the Field!
INFO main view.tui - 

Current Player is: Black

8[   8Rb][ 10Knb][  12Bb][      ][  14Kb][  13Bb][ 11Knb][   9Rb]
7[   0Pb][   1Pb][      ][   3Pb][      ][   5Pb][   6Pb][   7Pb]
6[      ][      ][      ][      ][      ][      ][      ][      ]
5[      ][   0Pw][   2Pb][      ][   4Pb][      ][      ][      ]
4[      ][      ][      ][      ][ 10Knw][      ][   6Pw][      ]
3[      ][      ][      ][      ][      ][      ][      ][      ]
2[      ][   1Pw][   2Pw][   3Pw][   4Pw][   5Pw][      ][   7Pw]
1[   8Rw][      ][  12Bw][  14Qw][  15Kw][  13Bw][ 11Knw][   9Rw]
    1       2       3       4       5       6       7       8    

Field Information: (1. 0, 2. P , 3. w)
1. Index of figure
2. Kind of figure (P = Pawn, Kn = Knight etc)
3. Color of figure (w = white, b = black)

Figures that can be moved:
0 Pawn[7,1]
1 Pawn[7,2]
2 Pawn[5,3]
3 Pawn[7,4]
4 Pawn[7,6]
5 Pawn[7,7]
6 Pawn[7,8]
7 Knight[8,2]
8 Knight[8,7]
9 Bishop[8,6]
10 King[8,5]
Please choose a figure you want to move by entering the index:
INFO main view.tui - 

Current Player is: White

8[   8Rb][ 10Knb][  12Bb][  14Qb][  15Kb][  13Bb][ 11Knb][   9Rb]
7[   0Pb][   1Pb][   2Pb][   3Pb][   4Pb][   5Pb][   6Pb][   7Pb]
6[      ][      ][      ][      ][      ][      ][      ][      ]
5[      ][      ][      ][      ][      ][      ][      ][      ]
4[      ][      ][      ][      ][      ][      ][      ][      ]
3[      ][      ][      ][      ][      ][      ][      ][      ]
2[   0Pw][   1Pw][   2Pw][   3Pw][   4Pw][   5Pw][   6Pw][   7Pw]
1[   8Rw][ 10Knw][  12Bw][  14Qw][  15Kw][  13Bw][ 11Knw][   9Rw]
    1       2       3       4       5       6       7       8    

Field Information: (1. 0, 2. P , 3. w)
1. Index of figure
2. Kind of figure (P = Pawn, Kn = Knight etc)
3. Color of figure (w = white, b = black)

Figures that can be moved:
0 Pawn[2,1]
1 Pawn[2,2]
2 Pawn[2,3]
3 Pawn[2,4]
4 Pawn[2,5]
5 Pawn[2,6]
6 Pawn[2,7]
7 Pawn[2,8]
8 Knight[1,2]
9 Knight[1,7]
Please choose a figure you want to move by entering the index:
INFO main view.tui - 

These are the fields you can move to:
0 [3,7]
1 [4,7]
Please select a Field to move you figure
or select -1 to return to Figure selection!
Write the Index of the Field!
INFO main view.tui - 

Current Player is: Black

8[   8Rb][ 10Knb][  12Bb][  14Qb][  15Kb][  13Bb][ 11Knb][   9Rb]
7[   0Pb][   1Pb][   2Pb][   3Pb][   4Pb][   5Pb][   6Pb][   7Pb]
6[      ][      ][      ][      ][      ][      ][      ][      ]
5[      ][      ][      ][      ][      ][      ][      ][      ]
4[      ][      ][      ][      ][      ][      ][   6Pw][      ]
3[      ][      ][      ][      ][      ][      ][      ][      ]
2[   0Pw][   1Pw][   2Pw][   3Pw][   4Pw][   5Pw][      ][   7Pw]
1[   8Rw][ 10Knw][  12Bw][  14Qw][  15Kw][  13Bw][ 11Knw][   9Rw]
    1       2       3       4       5       6       7       8    

Field Information: (1. 0, 2. P , 3. w)
1. Index of figure
2. Kind of figure (P = Pawn, Kn = Knight etc)
3. Color of figure (w = white, b = black)

Figures that can be moved:
0 Pawn[7,1]
1 Pawn[7,2]
2 Pawn[7,3]
3 Pawn[7,4]
4 Pawn[7,5]
5 Pawn[7,6]
6 Pawn[7,7]
7 Pawn[7,8]
8 Knight[8,2]
9 Knight[8,7]
Please choose a figure you want to move by entering the index:
INFO main view.tui - 

These are the fields you can move to:
0 [6,4]
1 [5,4]
Please select a Field to move you figure
or select -1 to return to Figure selection!
Write the Index of the Field!
INFO main view.tui - 

Current Player is: White

8[   8Rb][ 10Knb][  12Bb][  14Qb][  15Kb][  13Bb][ 11Knb][   9Rb]
7[   0Pb][   1Pb][   2Pb][      ][   4Pb][   5Pb][   6Pb][   7Pb]
6[      ][      ][      ][   3Pb][      ][      ][      ][      ]
5[      ][      ][      ][      ][      ][      ][      ][      ]
4[      ][      ][      ][      ][      ][      ][   6Pw][      ]
3[      ][      ][      ][      ][      ][      ][      ][      ]
2[   0Pw][   1Pw][   2Pw][   3Pw][   4Pw][   5Pw][      ][   7Pw]
1[   8Rw][ 10Knw][  12Bw][  14Qw][  15Kw][  13Bw][ 11Knw][   9Rw]
    1       2       3       4       5       6       7       8    

Field Information: (1. 0, 2. P , 3. w)
1. Index of figure
2. Kind of figure (P = Pawn, Kn = Knight etc)
3. Color of figure (w = white, b = black)

Figures that can be moved:
0 Pawn[2,1]
1 Pawn[2,2]
2 Pawn[2,3]
3 Pawn[2,4]
4 Pawn[2,5]
5 Pawn[2,6]
6 Pawn[4,7]
7 Pawn[2,8]
8 Knight[1,2]
9 Knight[1,7]
10 Bishop[1,6]
Please choose a figure you want to move by entering the index:
INFO main view.tui - 

These are the fields you can move to:
0 [3,5]
1 [4,5]
Please select a Field to move you figure
or select -1 to return to Figure selection!
Write the Index of the Field!
INFO main view.tui - 

Current Player is: Black

8[   8Rb][ 10Knb][  12Bb][  14Qb][  15Kb][  13Bb][ 11Knb][   9Rb]
7[   0Pb][   1Pb][   2Pb][      ][   4Pb][   5Pb][   6Pb][   7Pb]
6[      ][      ][      ][   3Pb][      ][      ][      ][      ]
5[      ][      ][      ][      ][      ][      ][      ][      ]
4[      ][      ][      ][      ][      ][      ][   6Pw][      ]
3[      ][      ][      ][      ][   4Pw][      ][      ][      ]
2[   0Pw][   1Pw][   2Pw][   3Pw][      ][   5Pw][      ][   7Pw]
1[   8Rw][ 10Knw][  12Bw][  14Qw][  15Kw][  13Bw][ 11Knw][   9Rw]
    1       2       3       4       5       6       7       8    

Field Information: (1. 0, 2. P , 3. w)
1. Index of figure
2. Kind of figure (P = Pawn, Kn = Knight etc)
3. Color of figure (w = white, b = black)

Figures that can be moved:
0 Pawn[7,1]
1 Pawn[7,2]
2 Pawn[7,3]
3 Pawn[6,4]
4 Pawn[7,5]
5 Pawn[7,6]
6 Pawn[7,7]
7 Pawn[7,8]
8 Knight[8,2]
9 Knight[8,7]
10 Bishop[8,3]
11 Queen[8,4]
Please choose a figure you want to move by entering the index:
INFO main view.tui - 

These are the fields you can move to:
0 [6,8]
1 [6,6]
Please select a Field to move you figure
or select -1 to return to Figure selection!
Write the Index of the Field!
INFO main view.tui - 

Current Player is: White

8[   8Rb][ 10Knb][  12Bb][  14Qb][  15Kb][  13Bb][      ][   9Rb]
7[   0Pb][   1Pb][   2Pb][      ][   4Pb][   5Pb][   6Pb][   7Pb]
6[      ][      ][      ][   3Pb][      ][ 11Knb][      ][      ]
5[      ][      ][      ][      ][      ][      ][      ][      ]
4[      ][      ][      ][      ][      ][      ][   6Pw][      ]
3[      ][      ][      ][      ][   4Pw][      ][      ][      ]
2[   0Pw][   1Pw][   2Pw][   3Pw][      ][   5Pw][      ][   7Pw]
1[   8Rw][ 10Knw][  12Bw][  14Qw][  15Kw][  13Bw][ 11Knw][   9Rw]
    1       2       3       4       5       6       7       8    

Field Information: (1. 0, 2. P , 3. w)
1. Index of figure
2. Kind of figure (P = Pawn, Kn = Knight etc)
3. Color of figure (w = white, b = black)

Figures that can be moved:
0 Pawn[2,1]
1 Pawn[2,2]
2 Pawn[2,3]
3 Pawn[2,4]
4 Pawn[3,5]
5 Pawn[2,6]
6 Pawn[4,7]
7 Pawn[2,8]
8 Knight[1,2]
9 Knight[1,7]
10 Bishop[1,6]
11 Queen[1,4]
12 King[1,5]
Please choose a figure you want to move by entering the index:
INFO main view.tui - 

These are the fields you can move to:
0 [3,2]
1 [4,2]
Please select a Field to move you figure
or select -1 to return to Figure selection!
Write the Index of the Field!
INFO main view.tui - 

Current Player is: Black

8[   8Rb][ 10Knb][  12Bb][  14Qb][  15Kb][  13Bb][      ][   9Rb]
7[   0Pb][   1Pb][   2Pb][      ][   4Pb][   5Pb][   6Pb][   7Pb]
6[      ][      ][      ][   3Pb][      ][ 11Knb][      ][      ]
5[      ][      ][      ][      ][      ][      ][      ][      ]
4[      ][   1Pw][      ][      ][      ][      ][   6Pw][      ]
3[      ][      ][      ][      ][   4Pw][      ][      ][      ]
2[   0Pw][      ][   2Pw][   3Pw][      ][   5Pw][      ][   7Pw]
1[   8Rw][ 10Knw][  12Bw][  14Qw][  15Kw][  13Bw][ 11Knw][   9Rw]
    1       2       3       4       5       6       7       8    

Field Information: (1. 0, 2. P , 3. w)
1. Index of figure
2. Kind of figure (P = Pawn, Kn = Knight etc)
3. Color of figure (w = white, b = black)

Figures that can be moved:
0 Pawn[7,1]
1 Pawn[7,2]
2 Pawn[7,3]
3 Pawn[6,4]
4 Pawn[7,5]
5 Pawn[7,7]
6 Pawn[7,8]
7 Rook[8,8]
8 Knight[8,2]
9 Knight[6,6]
10 Bishop[8,3]
11 Queen[8,4]
Please choose a figure you want to move by entering the index:
